<?xml version="1.0" encoding="UTF-8"?>
<!-- Generated by org.testng.reporters.JUnitXMLReporter -->
<testsuite ignored="0" hostname="SACHITHA544" failures="1" tests="3" name="API Test" time="4.225" errors="0" timestamp="2022-11-16T05:05:32 IST">
  <testcase classname="tests.TestCategory_6327" name="verifyName" time="0.736">
    <failure type="java.lang.AssertionError" message="expected [1Carbon credits] but found [Carbon credits]">
      <![CDATA[java.lang.AssertionError: expected [1Carbon credits] but found [Carbon credits]
at tests.TestCategory_6327.verifyName(TestCategory_6327.java:13)
at java.base/java.util.ArrayList.forEach(ArrayList.java:1511)
... Removed 33 stack frames]]>
    </failure>
  </testcase> <!-- verifyName -->
  <testcase classname="tests.TestCategory_6327" name="verifyCanRelist" time="0.055"/>
  <testcase classname="tests.TestCategory_6327" name="verifyDescription" time="0.202"/>
</testsuite> <!-- API Test -->
