<?xml version="1.0" encoding="UTF-8"?>
<testng-results ignored="0" total="3" passed="3" failed="0" skipped="0">
  <reporter-output>
  </reporter-output>
  <suite started-at="2022-11-16T05:32:32 IST" name="AssurityAPITest_RestAssured" finished-at="2022-11-16T05:32:37 IST" duration-ms="4889">
    <groups>
    </groups>
    <test started-at="2022-11-16T05:32:32 IST" name="API Test" finished-at="2022-11-16T05:32:37 IST" duration-ms="4889">
      <class name="tests.TestCategory_6327">
        <test-method is-config="true" signature="extractResponse()[pri:0, instance:tests.TestCategory_6327@32b260fa]" started-at="2022-11-16T05:32:32 IST" name="extractResponse" finished-at="2022-11-16T05:32:36 IST" duration-ms="3479" status="PASS">
          <reporter-output>
          </reporter-output>
        </test-method> <!-- extractResponse -->
        <test-method signature="verify_Name()[pri:0, instance:tests.TestCategory_6327@32b260fa]" started-at="2022-11-16T05:32:36 IST" name="verify_Name" finished-at="2022-11-16T05:32:36 IST" duration-ms="812" status="PASS">
          <reporter-output>
          </reporter-output>
        </test-method> <!-- verify_Name -->
        <test-method signature="verify_CanRelist()[pri:1, instance:tests.TestCategory_6327@32b260fa]" started-at="2022-11-16T05:32:36 IST" name="verify_CanRelist" finished-at="2022-11-16T05:32:37 IST" duration-ms="33" status="PASS">
          <reporter-output>
          </reporter-output>
        </test-method> <!-- verify_CanRelist -->
        <test-method signature="verify_Gallery_Description()[pri:2, instance:tests.TestCategory_6327@32b260fa]" started-at="2022-11-16T05:32:37 IST" name="verify_Gallery_Description" finished-at="2022-11-16T05:32:37 IST" duration-ms="139" status="PASS">
          <reporter-output>
          </reporter-output>
        </test-method> <!-- verify_Gallery_Description -->
      </class> <!-- tests.TestCategory_6327 -->
    </test> <!-- API Test -->
  </suite> <!-- AssurityAPITest_RestAssured -->
</testng-results>
