<?xml version="1.0" encoding="UTF-8"?>
<testsuite xmlns:xsi="http://www.w3.org/2001/XMLSchema-instance" xsi:noNamespaceSchemaLocation="https://maven.apache.org/surefire/maven-surefire-plugin/xsd/surefire-test-report.xsd" name="TestSuite" time="6.999" tests="3" errors="0" skipped="0" failures="0">
  <properties>
[...]
</properties>
  <testcase name="verify_Name" classname="tests.TestCategory_6327" time="0.825"/>
  <testcase name="verify_CanRelist" classname="tests.TestCategory_6327" time="0.021"/>
  <testcase name="verify_Gallery_Description" classname="tests.TestCategory_6327" time="0.141"/>
</testsuite>