<?xml version="1.0" encoding="UTF-8"?>
<!-- Generated by org.testng.reporters.JUnitXMLReporter -->
<testsuite ignored="0" hostname="SACHITHA544" failures="0" tests="3" name="API Test" time="4.889" errors="0" timestamp="2022-11-16T05:32:37 IST">
  <testcase classname="tests.TestCategory_6327" name="verify_Name" time="0.812"/>
  <testcase classname="tests.TestCategory_6327" name="verify_CanRelist" time="0.033"/>
  <testcase classname="tests.TestCategory_6327" name="verify_Gallery_Description" time="0.139"/>
</testsuite> <!-- API Test -->
